<?xml version="1.0" encoding="UTF-8"?><testsuite name="nosetests" tests="51" errors="0" failures="0" skip="0"><testcase classname="lbCVMFSTools.TaskHandlers.NightliesInstallTask.tests.TestCVMFSConf.TestManager" name="test_get_list_of_tasks" time="0.017"></testcase><testcase classname="lbCVMFSTools.TaskHandlers.NightliesInstallTask.tests.TestCVMFSConf.TestManager" name="test_lbn_install_call" time="0.008"></testcase><testcase classname="lbCVMFSTools.TaskHandlers.NightliesInstallTask.tests.TestCVMFSConf.TestManager" name="test_perform_task" time="0.010"></testcase><testcase classname="lbCVMFSTools.TaskHandlers.NightliesInstallTask.tests.TestCVMFSConf.TestManager" name="test_perform_task_dry_run" time="0.005"></testcase><testcase classname="lbCVMFSTools.TaskHandlers.NightliesInstallTask.tests.TestInstalledManager.TestInstalledManager" name="test_copyInstalledFile" time="0.001"></testcase><testcase classname="lbCVMFSTools.TaskHandlers.NightliesInstallTask.tests.TestInstalledManager.TestInstalledManager" name="test_installHasChanged" time="0.001"></testcase><testcase classname="lbCVMFSTools.TaskHandlers.NightliesInstallTask.tests.TestInstalledManager.TestInstalledManager" name="testgetFilenameForDate" time="0.001"></testcase><testcase classname="lbCVMFSTools.TaskHandlers.NightliesInstallTask.tests.TestInstalledManager.TestInstalledManager" name="testsetInstalled" time="0.008"></testcase><testcase classname="lbCVMFSTools.TaskHandlers.NightliesInstallTask.tests.TestLinkManager.TestLinkManager" name="testcheckLinks" time="0.005"></testcase><testcase classname="lbCVMFSTools.TaskHandlers.NightliesInstallTask.tests.TestLinkManager.TestLinkManager" name="testfixLinks" time="0.001"></testcase><testcase classname="lbCVMFSTools.TaskHandlers.NightliesInstallTask.tests.TestLinkManager.TestLinkManager" name="testfixLinks2" time="0.001"></testcase><testcase classname="lbCVMFSTools.TaskHandlers.NightliesInstallTask.tests.TestLocalConfig.TestManager" name="test_get_list_of_tasks" time="0.012"></testcase><testcase classname="lbCVMFSTools.TaskHandlers.NightliesInstallTask.tests.TestLocalConfig.TestManager" name="test_lbn_install_call" time="0.005"></testcase><testcase classname="lbCVMFSTools.TaskHandlers.NightliesInstallTask.tests.TestLocalConfig.TestManager" name="test_perform_task" time="0.008"></testcase><testcase classname="lbCVMFSTools.TaskHandlers.NightliesInstallTask.tests.TestPathManager.TestPathManager" name="test_getRepoDir" time="0.000"></testcase><testcase classname="lbCVMFSTools.TaskHandlers.NightliesInstallTask.tests.TestPathManager.TestPathManager" name="test_getSlotTodayLink" time="0.000"></testcase><testcase classname="lbCVMFSTools.TaskHandlers.NightliesInstallTask.tests.TestPathManager.TestPathManager" name="test_getVarDir" time="0.000"></testcase><testcase classname="lbCVMFSTools.TaskHandlers.NightliesInstallTask.tests.TestPathManager.TestPathManager" name="testgetConfDir" time="0.000"></testcase><testcase classname="lbCVMFSTools.TaskHandlers.NightliesInstallTask.tests.TestPathManager.TestPathManager" name="testgetSlotDir" time="0.000"></testcase><testcase classname="lbCVMFSTools.TaskHandlers.NightliesInstallTask.tests.TestPathManager.TestPathManager" name="testgetSlotDirDayLink" time="0.000"></testcase><testcase classname="lbCVMFSTools.TaskHandlers.NightliesInstallTask.tests.TestPathManager.TestPathManager" name="testgetSlotInstalledFilename" time="0.000"></testcase><testcase classname="lbCVMFSTools.TaskHandlers.NightliesInstallTask.tests.TestPathManager.TestPathManager" name="testgetVarInstalledFilename" time="0.000"></testcase><testcase classname="lbCVMFSTools.TaskHandlers.NightliesInstallTask.tests.TestSlotManager.TestSlotsManager" name="test_checksum" time="0.001"></testcase><testcase classname="lbCVMFSTools.TaskHandlers.NightliesInstallTask.tests.TestSlotManager.TestSlotsManager" name="test_getTodayStr" time="0.001"></testcase><testcase classname="lbCVMFSTools.TaskHandlers.SampleTask.tests.TestSampleTask.TestManager" name="test_get_list_of_tasks" time="0.004"></testcase><testcase classname="lbCVMFSTools.TransactionHandlers.CVMFSTransactionHandler.tests.TestCVMFManager.TestCVMFSTransactionHandler" name="test_Constructor" time="0.000"></testcase><testcase classname="lbCVMFSTools.TransactionHandlers.CVMFSTransactionHandler.tests.TestCVMFManager.TestCVMFSTransactionHandler" name="test_cvmfsAbort" time="0.000"></testcase><testcase classname="lbCVMFSTools.TransactionHandlers.CVMFSTransactionHandler.tests.TestCVMFManager.TestCVMFSTransactionHandler" name="test_cvmfsPublish" time="0.000"></testcase><testcase classname="lbCVMFSTools.TransactionHandlers.CVMFSTransactionHandler.tests.TestCVMFManager.TestCVMFSTransactionHandler" name="test_cvmfsStart" time="0.000"></testcase><testcase classname="lbCVMFSTools.TransactionHandlers.CVMFSTransactionHandler.tests.TestCvmfsTransaction.TestCVMFSTransaction" name="test_cvmfsTransaction" time="0.001"></testcase><testcase classname="lbCVMFSTools.TransactionHandlers.CVMFSTransactionHandler.tests.TestCvmfsTransaction.TestCVMFSTransaction" name="test_cvmfsTransactionFail" time="0.001"></testcase><testcase classname="lbCVMFSTools.TransactionHandlers.DefaultTransactionHandler.tests.TestDefaultTransactionHandler.TestDefaultTransactionHandler" name="test_Abort" time="0.001"></testcase><testcase classname="lbCVMFSTools.TransactionHandlers.DefaultTransactionHandler.tests.TestDefaultTransactionHandler.TestDefaultTransactionHandler" name="test_Publish" time="0.001"></testcase><testcase classname="lbCVMFSTools.TransactionHandlers.DefaultTransactionHandler.tests.TestDefaultTransactionHandler.TestDefaultTransactionHandler" name="test_Start" time="0.001"></testcase><testcase classname="lbCVMFSTools.tests.TestInjector.TestInjector" name="test_get_instance" time="0.000"></testcase><testcase classname="lbCVMFSTools.tests.TestInjector.TestInjector" name="test_injection" time="0.000"></testcase><testcase classname="lbCVMFSTools.tests.TestInjector.TestInjector" name="test_provide" time="0.000"></testcase><testcase classname="lbCVMFSTools.tests.TestInjector.TestInjector" name="test_provide_instance" time="0.000"></testcase><testcase classname="lbCVMFSTools.tests.TestInjector.TestInjector" name="test_str" time="0.000"></testcase><testcase classname="lbCVMFSTools.tests.TestSceduler.TestScheduler" name="test_schedulerAutoRun" time="0.003"></testcase><testcase classname="lbCVMFSTools.tests.TestSceduler.TestScheduler" name="test_schedulerNoAutoRun" time="0.003"></testcase><testcase classname="lbCVMFSTools.tests.TestTransactionHandlerInterface.TestTransactionHandlerInterface" name="test_dry_run_mode" time="0.000"></testcase><testcase classname="lbCVMFSTools.tests.TestTransactionHandlerInterface.TestTransactionHandlerInterface" name="test_transactionAbort" time="0.000"></testcase><testcase classname="lbCVMFSTools.tests.TestTransactionHandlerInterface.TestTransactionHandlerInterface" name="test_transactionPublish" time="0.000"></testcase><testcase classname="lbCVMFSTools.tests.TestTransactionHandlerInterface.TestTransactionHandlerInterface" name="test_transactionStart" time="0.000"></testcase><testcase classname="lbCVMFSTools.tests.TestWorkspaceManagerInterface.TestTaskHandlerInterface" name="test_configure" time="0.000"></testcase><testcase classname="lbCVMFSTools.tests.TestWorkspaceManagerInterface.TestTaskHandlerInterface" name="test_dry_run_mode" time="0.000"></testcase><testcase classname="lbCVMFSTools.tests.TestWorkspaceManagerInterface.TestTaskHandlerInterface" name="test_get_list_of_tasks" time="0.000"></testcase><testcase classname="lbCVMFSTools.tests.TestWorkspaceManagerInterface.TestTaskHandlerInterface" name="test_perform_task" time="0.000"></testcase><testcase classname="lbCVMFSTools.tests.TestWorkspaceManagerInterface.TestTaskHandlerInterface" name="test_postTransaction" time="0.000"></testcase><testcase classname="lbCVMFSTools.tests.TestWorkspaceManagerInterface.TestTaskHandlerInterface" name="test_preTransaction" time="0.000"></testcase></testsuite>